2014/05/14 12:04:06 [error] [exception.CHttpException.400] exception 'CHttpException' with message 'Your request is invalid.' in G:\wamp\www\yii_study\yii\framework\web\CController.php:336
Stack trace:
#0 G:\wamp\www\yii_study\yii\framework\web\CController.php(309): CController->invalidActionParams(Object(CInlineAction))
#1 G:\wamp\www\yii_study\yii\framework\web\filters\CFilterChain.php(133): CController->runAction(Object(CInlineAction))
#2 G:\wamp\www\yii_study\yii\framework\web\filters\CFilter.php(40): CFilterChain->run()
#3 G:\wamp\www\yii_study\yii\framework\web\CController.php(1145): CFilter->filter(Object(CFilterChain))
#4 G:\wamp\www\yii_study\yii\framework\web\filters\CInlineFilter.php(58): CController->filterAccessControl(Object(CFilterChain))
#5 G:\wamp\www\yii_study\yii\framework\web\filters\CFilterChain.php(130): CInlineFilter->filter(Object(CFilterChain))
#6 G:\wamp\www\yii_study\yii\framework\web\CController.php(291): CFilterChain->run()
#7 G:\wamp\www\yii_study\yii\framework\web\CController.php(265): CController->runActionWithFilters(Object(CInlineAction), Array)
#8 G:\wamp\www\yii_study\yii\framework\web\CWebApplication.php(282): CController->run('view')
#9 G:\wamp\www\yii_study\yii\framework\web\CWebApplication.php(141): CWebApplication->runController('posts/view')
#10 G:\wamp\www\yii_study\yii\framework\base\CApplication.php(171): CWebApplication->processRequest()
#11 G:\wamp\www\yii_study\yii_asia\index.php(13): CApplication->run()
#12 {main}
REQUEST_URI=/yii_study/yii_asia/index.php?r=posts/view
---
2014/05/20 07:11:43 [error] [exception.CHttpException.404] exception 'CHttpException' with message 'Unable to resolve the request "logi".' in G:\wamp\www\yii_study\yii\framework\web\CWebApplication.php:286
Stack trace:
#0 G:\wamp\www\yii_study\yii\framework\web\CWebApplication.php(141): CWebApplication->runController('logi')
#1 G:\wamp\www\yii_study\yii\framework\base\CApplication.php(171): CWebApplication->processRequest()
#2 G:\wamp\www\yii_study\yii_asia\index.php(13): CApplication->run()
#3 {main}
REQUEST_URI=/yii_study/yii_asia/index.php?r=logi
---
2014/05/20 07:11:52 [error] [exception.CHttpException.404] exception 'CHttpException' with message 'Unable to resolve the request "login".' in G:\wamp\www\yii_study\yii\framework\web\CWebApplication.php:286
Stack trace:
#0 G:\wamp\www\yii_study\yii\framework\web\CWebApplication.php(141): CWebApplication->runController('login')
#1 G:\wamp\www\yii_study\yii\framework\base\CApplication.php(171): CWebApplication->processRequest()
#2 G:\wamp\www\yii_study\yii_asia\index.php(13): CApplication->run()
#3 {main}
REQUEST_URI=/yii_study/yii_asia/index.php?r=login
---
2014/05/20 07:12:02 [error] [exception.CHttpException.404] exception 'CHttpException' with message 'The system is unable to find the requested action "logi".' in G:\wamp\www\yii_study\yii\framework\web\CController.php:483
Stack trace:
#0 G:\wamp\www\yii_study\yii\framework\web\CController.php(270): CController->missingAction('logi')
#1 G:\wamp\www\yii_study\yii\framework\web\CWebApplication.php(282): CController->run('logi')
#2 G:\wamp\www\yii_study\yii\framework\web\CWebApplication.php(141): CWebApplication->runController('site/logi')
#3 G:\wamp\www\yii_study\yii\framework\base\CApplication.php(171): CWebApplication->processRequest()
#4 G:\wamp\www\yii_study\yii_asia\index.php(13): CApplication->run()
#5 {main}
REQUEST_URI=/yii_study/yii_asia/index.php?r=site/logi
---
